
> claude-dev@3.26.3 check-types
> npm run protos && npx tsc --noEmit && cd webview-ui && npx tsc -b --noEmit


> claude-dev@3.26.3 protos
> node scripts/build-proto.mjs

Compiling Protocol Buffers...
Processing 20 proto files from C:\Users\alelowe\Documents\GitHub\cline\proto

Warning: Found 21 fields using 64-bit integer types
Generated ProtoBus files at:
- C:\Users\alelowe\Documents\GitHub\cline\webview-ui\src\services\grpc-client.ts
- C:\Users\alelowe\Documents\GitHub\cline\src\generated\hosts\vscode\protobus-service-types.ts
- C:\Users\alelowe\Documents\GitHub\cline\src\generated\hosts\vscode\protobus-services.ts
- C:\Users\alelowe\Documents\GitHub\cline\src\generated\hosts\standalone\protobus-server-setup.ts
Generated Host Bridge client files at:
- C:\Users\alelowe\Documents\GitHub\cline\src\generated\hosts\host-bridge-client-types.ts
- C:\Users\alelowe\Documents\GitHub\cline\src\generated\hosts\standalone\host-bridge-clients.ts
- C:\Users\alelowe\Documents\GitHub\cline\src\generated\hosts\vscode\hostbridge-grpc-service-config.ts

> claude-dev@3.26.3 postprotos
> biome format src/shared/proto src/core/controller src/hosts/ webview-ui/src/services src/generated --write --no-errors-on-unmatched

Formatted 180 files in 95ms. Fixed 1 file.
src/core/controller/ui/initializeWebview.ts(36,70): error TS2322: Type 'Record<string, ModelInfo>' is not assignable to type '{ [x: string]: { maxTokens?: string | undefined; contextWindow?: string | undefined; supportsImages?: boolean | undefined; supportsPromptCache?: boolean | undefined; inputPrice?: number | undefined; ... 6 more ...; tiers?: { ...; }[] | undefined; } | undefined; } & { ...; } & {}'.
  Type 'Record<string, ModelInfo>' is not assignable to type '{ [x: string]: { maxTokens?: string | undefined; contextWindow?: string | undefined; supportsImages?: boolean | undefined; supportsPromptCache?: boolean | undefined; inputPrice?: number | undefined; ... 6 more ...; tiers?: { ...; }[] | undefined; } | undefined; }'.
    'string' index signatures are incompatible.
      Type 'ModelInfo' is not assignable to type '{ maxTokens?: string | undefined; contextWindow?: string | undefined; supportsImages?: boolean | undefined; supportsPromptCache?: boolean | undefined; inputPrice?: number | undefined; ... 6 more ...; tiers?: { ...; }[] | undefined; }'.
        Types of property 'maxTokens' are incompatible.
          Type 'number | undefined' is not assignable to type 'string | undefined'.
            Type 'number' is not assignable to type 'string'.
src/core/controller/ui/initializeWebview.ts(70,7): error TS2322: Type 'OpenRouterModelInfo' is not assignable to type 'ModelInfo'.
  Types of property 'maxTokens' are incompatible.
    Type 'string | undefined' is not assignable to type 'number | undefined'.
      Type 'string' is not assignable to type 'number'.
src/core/controller/ui/initializeWebview.ts(75,7): error TS2322: Type 'OpenRouterModelInfo' is not assignable to type 'ModelInfo'.
  Types of property 'maxTokens' are incompatible.
    Type 'string | undefined' is not assignable to type 'number | undefined'.
      Type 'string' is not assignable to type 'number'.
src/core/controller/ui/initializeWebview.ts(116,7): error TS2322: Type 'OpenRouterModelInfo' is not assignable to type 'ModelInfo'.
  Types of property 'maxTokens' are incompatible.
    Type 'string | undefined' is not assignable to type 'number | undefined'.
      Type 'string' is not assignable to type 'number'.
src/core/controller/ui/initializeWebview.ts(121,7): error TS2322: Type 'OpenRouterModelInfo' is not assignable to type 'ModelInfo'.
  Types of property 'maxTokens' are incompatible.
    Type 'string | undefined' is not assignable to type 'number | undefined'.
      Type 'string' is not assignable to type 'number'.
src/core/controller/ui/initializeWebview.ts(148,62): error TS2345: Argument of type 'OpenRouterModelInfo' is not assignable to parameter of type 'ModelInfo'.
  Types of property 'maxTokens' are incompatible.
    Type 'string | undefined' is not assignable to type 'number | undefined'.
      Type 'string' is not assignable to type 'number'.
src/core/controller/ui/initializeWebview.ts(158,74): error TS2345: Argument of type 'OpenRouterModelInfo' is not assignable to parameter of type 'ModelInfo'.
  Types of property 'maxTokens' are incompatible.
    Type 'string | undefined' is not assignable to type 'number | undefined'.
      Type 'string' is not assignable to type 'number'.
src/core/controller/ui/initializeWebview.ts(163,73): error TS2345: Argument of type 'OpenRouterModelInfo' is not assignable to parameter of type 'ModelInfo'.
  Types of property 'maxTokens' are incompatible.
    Type 'string | undefined' is not assignable to type 'number | undefined'.
      Type 'string' is not assignable to type 'number'.
src/core/controller/ui/initializeWebview.ts(206,7): error TS2322: Type 'OpenRouterModelInfo' is not assignable to type 'ModelInfo'.
  Types of property 'maxTokens' are incompatible.
    Type 'string | undefined' is not assignable to type 'number | undefined'.
      Type 'string' is not assignable to type 'number'.
src/core/controller/ui/initializeWebview.ts(211,7): error TS2322: Type 'OpenRouterModelInfo' is not assignable to type 'ModelInfo'.
  Types of property 'maxTokens' are incompatible.
    Type 'string | undefined' is not assignable to type 'number | undefined'.
      Type 'string' is not assignable to type 'number'.
src/memory/distributed-memory.ts(625,7): error TS2353: Object literal may only specify known properties, and 'filter' does not exist in type 'MemoryQuery'.
src/memory/manager.ts(65,7): error TS2532: Object is possibly 'undefined'.
src/memory/manager.ts(368,11): error TS2532: Object is possibly 'undefined'.
src/memory/manager.ts(370,51): error TS2532: Object is possibly 'undefined'.
src/providers/provider-manager.ts(509,25): error TS2345: Argument of type 'string | undefined' is not assignable to parameter of type 'string'.
  Type 'undefined' is not assignable to type 'string'.
src/providers/utils.ts(35,5): error TS2739: Type '{ anthropic: { provider: "anthropic"; apiKey: string | undefined; model: "claude-3-sonnet-20240229"; temperature: number; maxTokens: number; enableStreaming: true; enableCaching: true; timeout: number; retryAttempts: number; }; openai: { ...; }; google: { ...; }; cohere: { ...; }; ollama: { ...; }; }' is missing the following properties from type 'Record<LLMProvider, LLMProviderConfig>': "vscode-lm", custom, "llama-cpp", "github-copilot"
src/providers/utils.ts(173,39): error TS2345: Argument of type 'string | undefined' is not assignable to parameter of type 'string'.
  Type 'undefined' is not assignable to type 'string'.
src/providers/utils.ts(176,35): error TS2345: Argument of type 'string | undefined' is not assignable to parameter of type 'string'.
  Type 'undefined' is not assignable to type 'string'.
src/services/mcp/McpHub.ts(877,5): error TS2322: Type '(objectOutputType<{ type: ZodLiteral<"text">; text: ZodString; _meta: ZodOptional<ZodObject<{}, "passthrough", ZodTypeAny, objectOutputType<{}, ZodTypeAny, "passthrough">, objectInputType<...>>>; }, ZodTypeAny, "passthrough"> | objectOutputType<...> | objectOutputType<...> | objectOutputType<...> | objectOutputType<...' is not assignable to type '({ type: "text"; text: string; } | { type: "image"; data: string; mimeType: string; } | { type: "audio"; data: string; mimeType: string; } | { type: "resource"; resource: { uri: string; mimeType?: string | undefined; text?: string | undefined; blob?: string | undefined; }; })[]'.
  Type 'objectOutputType<{ type: ZodLiteral<"text">; text: ZodString; _meta: ZodOptional<ZodObject<{}, "passthrough", ZodTypeAny, objectOutputType<{}, ZodTypeAny, "passthrough">, objectInputType<...>>>; }, ZodTypeAny, "passthrough"> | objectOutputType<...> | objectOutputType<...> | objectOutputType<...> | objectOutputType<....' is not assignable to type '{ type: "text"; text: string; } | { type: "image"; data: string; mimeType: string; } | { type: "audio"; data: string; mimeType: string; } | { type: "resource"; resource: { uri: string; mimeType?: string | undefined; text?: string | undefined; blob?: string | undefined; }; }'.
    Type 'objectOutputType<{ name: ZodString; title: ZodOptional<ZodString>; } & { uri: ZodString; description: ZodOptional<ZodString>; mimeType: ZodOptional<...>; _meta: ZodOptional<...>; } & { ...; }, ZodTypeAny, "passthrough">' is not assignable to type '{ type: "text"; text: string; } | { type: "image"; data: string; mimeType: string; } | { type: "audio"; data: string; mimeType: string; } | { type: "resource"; resource: { uri: string; mimeType?: string | undefined; text?: string | undefined; blob?: string | undefined; }; }'.
      Property 'data' is missing in type 'objectOutputType<{ name: ZodString; title: ZodOptional<ZodString>; } & { uri: ZodString; description: ZodOptional<ZodString>; mimeType: ZodOptional<...>; _meta: ZodOptional<...>; } & { ...; }, ZodTypeAny, "passthrough">' but required in type '{ type: "audio"; data: string; mimeType: string; }'.
src/shared/proto-conversions/cline-message.ts(172,3): error TS2322: Type 'number' is not assignable to type 'string'.
src/shared/proto-conversions/cline-message.ts(201,3): error TS2322: Type 'string' is not assignable to type 'number'.
src/swarm/__tests__/integration.test.ts(1,33): error TS2307: Cannot find module '../utils/error-handler.js' or its corresponding type declarations.
src/swarm/__tests__/integration.test.ts(72,5): error TS2304: Cannot find name 'expect'.
src/swarm/__tests__/integration.test.ts(84,5): error TS2304: Cannot find name 'expect'.
src/swarm/__tests__/integration.test.ts(85,5): error TS2304: Cannot find name 'expect'.
src/swarm/__tests__/integration.test.ts(89,5): error TS2304: Cannot find name 'expect'.
src/swarm/__tests__/integration.test.ts(101,5): error TS2304: Cannot find name 'expect'.
src/swarm/__tests__/integration.test.ts(102,5): error TS2304: Cannot find name 'expect'.
src/swarm/__tests__/integration.test.ts(103,5): error TS2304: Cannot find name 'expect'.
src/swarm/__tests__/integration.test.ts(107,5): error TS2304: Cannot find name 'expect'.
src/swarm/__tests__/integration.test.ts(108,5): error TS2304: Cannot find name 'expect'.
src/swarm/__tests__/integration.test.ts(127,5): error TS2304: Cannot find name 'expect'.
src/swarm/__tests__/integration.test.ts(128,5): error TS2304: Cannot find name 'expect'.
src/swarm/__tests__/integration.test.ts(132,5): error TS2304: Cannot find name 'expect'.
src/swarm/__tests__/integration.test.ts(141,5): error TS2304: Cannot find name 'expect'.
src/swarm/__tests__/integration.test.ts(142,5): error TS2304: Cannot find name 'expect'.
src/swarm/__tests__/integration.test.ts(143,5): error TS2304: Cannot find name 'expect'.
src/swarm/__tests__/integration.test.ts(147,5): error TS2304: Cannot find name 'expect'.
src/swarm/__tests__/integration.test.ts(148,5): error TS2304: Cannot find name 'expect'.
src/swarm/__tests__/integration.test.ts(149,5): error TS2304: Cannot find name 'expect'.
src/swarm/__tests__/integration.test.ts(158,7): error TS2739: Type '{ maxWorkers: number; conflictResolution: "merge"; }' is missing the following properties from type '{ backup: boolean; verify: boolean; parallel: boolean; maxWorkers: number; conflictResolution: "merge" | "overwrite" | "skip" | "backup"; includePatterns: string[]; excludePatterns: string[]; }': backup, verify, parallel, includePatterns, excludePatterns
src/swarm/__tests__/integration.test.ts(169,5): error TS2304: Cannot find name 'expect'.
src/swarm/__tests__/integration.test.ts(170,5): error TS2304: Cannot find name 'expect'.
src/swarm/__tests__/integration.test.ts(171,5): error TS2304: Cannot find name 'expect'.
src/swarm/__tests__/integration.test.ts(186,5): error TS2304: Cannot find name 'expect'.
src/swarm/__tests__/integration.test.ts(194,5): error TS2304: Cannot find name 'expect'.
src/swarm/__tests__/integration.test.ts(206,5): error TS2304: Cannot find name 'expect'.
src/swarm/__tests__/integration.test.ts(218,5): error TS2304: Cannot find name 'expect'.
src/swarm/__tests__/integration.test.ts(224,5): error TS2304: Cannot find name 'expect'.
src/swarm/__tests__/integration.test.ts(225,5): error TS2304: Cannot find name 'expect'.
src/swarm/__tests__/integration.test.ts(226,5): error TS2304: Cannot find name 'expect'.
src/swarm/__tests__/integration.test.ts(242,5): error TS2304: Cannot find name 'expect'.
src/swarm/__tests__/integration.test.ts(248,7): error TS2304: Cannot find name 'expect'.
src/swarm/__tests__/prompt-copier.test.ts(1,33): error TS2307: Cannot find module '../utils/error-handler.js' or its corresponding type declarations.
src/swarm/__tests__/prompt-copier.test.ts(56,7): error TS2304: Cannot find name 'expect'.
src/swarm/__tests__/prompt-copier.test.ts(57,7): error TS2304: Cannot find name 'expect'.
src/swarm/__tests__/prompt-copier.test.ts(58,7): error TS2304: Cannot find name 'expect'.
src/swarm/__tests__/prompt-copier.test.ts(62,7): error TS2304: Cannot find name 'expect'.
src/swarm/__tests__/prompt-copier.test.ts(72,7): error TS2304: Cannot find name 'expect'.
src/swarm/__tests__/prompt-copier.test.ts(73,7): error TS2304: Cannot find name 'expect'.
src/swarm/__tests__/prompt-copier.test.ts(83,7): error TS2304: Cannot find name 'expect'.
src/swarm/__tests__/prompt-copier.test.ts(84,7): error TS2304: Cannot find name 'expect'.
src/swarm/__tests__/prompt-copier.test.ts(99,7): error TS2304: Cannot find name 'expect'.
src/swarm/__tests__/prompt-copier.test.ts(100,7): error TS2304: Cannot find name 'expect'.
src/swarm/__tests__/prompt-copier.test.ts(104,7): error TS2304: Cannot find name 'expect'.
src/swarm/__tests__/prompt-copier.test.ts(117,7): error TS2304: Cannot find name 'expect'.
src/swarm/__tests__/prompt-copier.test.ts(118,7): error TS2304: Cannot find name 'expect'.
src/swarm/__tests__/prompt-copier.test.ts(126,7): error TS2304: Cannot find name 'expect'.
src/swarm/__tests__/prompt-copier.test.ts(139,7): error TS2304: Cannot find name 'expect'.
src/swarm/__tests__/prompt-copier.test.ts(143,7): error TS2304: Cannot find name 'expect'.
src/swarm/__tests__/prompt-copier.test.ts(144,7): error TS2304: Cannot find name 'expect'.
src/swarm/__tests__/prompt-copier.test.ts(145,7): error TS2304: Cannot find name 'expect'.
src/swarm/__tests__/prompt-copier.test.ts(157,7): error TS2304: Cannot find name 'expect'.
src/swarm/__tests__/prompt-copier.test.ts(158,7): error TS2304: Cannot find name 'expect'.
src/swarm/__tests__/prompt-copier.test.ts(164,7): error TS2304: Cannot find name 'jest'.
src/swarm/__tests__/prompt-copier.test.ts(178,7): error TS2304: Cannot find name 'expect'.
src/swarm/__tests__/prompt-copier.test.ts(179,7): error TS2304: Cannot find name 'expect'.
src/swarm/__tests__/prompt-copier.test.ts(181,19): error TS2503: Cannot find namespace 'jest'.
src/swarm/__tests__/prompt-copier.test.ts(193,7): error TS2304: Cannot find name 'expect'.
src/swarm/__tests__/prompt-copier.test.ts(194,7): error TS2304: Cannot find name 'expect'.
src/swarm/__tests__/prompt-copier.test.ts(198,7): error TS2304: Cannot find name 'expect'.
src/swarm/__tests__/prompt-copier.test.ts(214,7): error TS2304: Cannot find name 'expect'.
src/swarm/__tests__/prompt-copier.test.ts(215,7): error TS2304: Cannot find name 'expect'.
src/swarm/__tests__/prompt-copier.test.ts(251,5): error TS2304: Cannot find name 'expect'.
src/swarm/__tests__/prompt-copier.test.ts(252,5): error TS2304: Cannot find name 'expect'.
src/swarm/__tests__/prompt-copier.test.ts(253,5): error TS2304: Cannot find name 'expect'.
src/swarm/__tests__/prompt-copier.test.ts(257,5): error TS2304: Cannot find name 'expect'.
src/swarm/__tests__/prompt-copier.test.ts(258,6): error TS2554: Expected 1-2 arguments, but got 3.
src/swarm/__tests__/prompt-copier.test.ts(278,5): error TS2304: Cannot find name 'expect'.
src/swarm/__tests__/prompt-copier.test.ts(279,5): error TS2304: Cannot find name 'expect'.
src/swarm/__tests__/prompt-copier.test.ts(280,5): error TS2304: Cannot find name 'expect'.
src/swarm/__tests__/prompt-copier.test.ts(291,5): error TS2304: Cannot find name 'expect'.
src/swarm/__tests__/prompt-copier.test.ts(299,5): error TS2304: Cannot find name 'expect'.
src/swarm/__tests__/prompt-copier.test.ts(300,5): error TS2304: Cannot find name 'expect'.
src/swarm/__tests__/prompt-copier.test.ts(308,5): error TS2304: Cannot find name 'expect'.
src/swarm/__tests__/prompt-copier.test.ts(309,5): error TS2304: Cannot find name 'expect'.
src/swarm/__tests__/prompt-copier.test.ts(310,5): error TS2304: Cannot find name 'expect'.
src/swarm/__tests__/prompt-copier.test.ts(311,5): error TS2304: Cannot find name 'expect'.
src/swarm/__tests__/prompt-copier.test.ts(332,5): error TS2304: Cannot find name 'expect'.
src/swarm/__tests__/prompt-copier.test.ts(333,5): error TS2304: Cannot find name 'expect'.
src/swarm/__tests__/prompt-copier.test.ts(342,5): error TS2304: Cannot find name 'expect'.
src/swarm/__tests__/prompt-copier.test.ts(343,5): error TS2304: Cannot find name 'expect'.
src/swarm/__tests__/prompt-copier.test.ts(360,5): error TS2304: Cannot find name 'expect'.
src/swarm/__tests__/prompt-copier.test.ts(361,5): error TS2304: Cannot find name 'expect'.
src/swarm/__tests__/prompt-copier.test.ts(362,5): error TS2304: Cannot find name 'expect'.
src/swarm/__tests__/prompt-copier.test.ts(373,5): error TS2304: Cannot find name 'expect'.
src/swarm/executor.ts(83,9): error TS2322: Type 'string' is not assignable to type '"error" | "info" | "debug" | "warn"'.
src/swarm/json-output-aggregator.ts(265,25): error TS2532: Object is possibly 'undefined'.
src/swarm/memory.ts(1341,25): error TS2345: Argument of type 'string | undefined' is not assignable to parameter of type 'string'.
  Type 'undefined' is not assignable to type 'string'.
src/swarm/optimizations/__tests__/optimization.test.ts(7,67): error TS2307: Cannot find module '@jest/globals' or its corresponding type declarations.
src/swarm/optimizations/__tests__/optimization.test.ts(239,9): error TS2322: Type 'string' is not assignable to type 'TaskId'.
src/swarm/optimizations/__tests__/optimization.test.ts(243,9): error TS2322: Type '"pending"' is not assignable to type 'TaskStatus'.
src/swarm/optimizations/__tests__/optimization.test.ts(254,11): error TS2353: Object literal may only specify known properties, and 'timeout' does not exist in type 'TaskConstraints'.
src/swarm/optimizations/__tests__/optimization.test.ts(259,9): error TS2322: Type 'undefined' is not assignable to type 'Record<string, any>'.
src/swarm/optimizations/__tests__/optimization.test.ts(266,9): error TS2322: Type '"executor"' is not assignable to type 'AgentType'.
src/swarm/optimizations/__tests__/optimization.test.ts(273,49): error TS2345: Argument of type 'import("C:/Users/alelowe/Documents/GitHub/cline/src/swarm/types").TaskDefinition' is not assignable to parameter of type 'import("C:/Users/alelowe/Documents/GitHub/cline/src/swarm/swarm-types").TaskDefinition'.
  Types of property 'type' are incompatible.
    Type 'import("C:/Users/alelowe/Documents/GitHub/cline/src/swarm/types").TaskType' is not assignable to type 'import("C:/Users/alelowe/Documents/GitHub/cline/src/swarm/swarm-types").TaskType'.
      Type '"data-analysis"' is not assignable to type 'TaskType'.
src/swarm/optimizations/__tests__/optimization.test.ts(283,9): error TS2322: Type 'string' is not assignable to type 'TaskId'.
src/swarm/optimizations/__tests__/optimization.test.ts(285,9): error TS2322: Type '"query"' is not assignable to type 'TaskType'.
src/swarm/optimizations/__tests__/optimization.test.ts(287,9): error TS2322: Type '"pending"' is not assignable to type 'TaskStatus'.
src/swarm/optimizations/__tests__/optimization.test.ts(298,11): error TS2353: Object literal may only specify known properties, and 'timeout' does not exist in type 'TaskConstraints'.
src/swarm/optimizations/__tests__/optimization.test.ts(304,9): error TS2322: Type 'undefined' is not assignable to type 'Record<string, any>'.
src/swarm/optimizations/__tests__/optimization.test.ts(309,13): error TS2739: Type '{ id: string; type: "analyst"; }' is missing the following properties from type 'AgentId': swarmId, instance
src/swarm/optimizations/__tests__/optimization.test.ts(315,50): error TS2345: Argument of type 'import("C:/Users/alelowe/Documents/GitHub/cline/src/swarm/types").TaskDefinition' is not assignable to parameter of type 'import("C:/Users/alelowe/Documents/GitHub/cline/src/swarm/swarm-types").TaskDefinition'.
  Types of property 'type' are incompatible.
    Type 'import("C:/Users/alelowe/Documents/GitHub/cline/src/swarm/types").TaskType' is not assignable to type 'import("C:/Users/alelowe/Documents/GitHub/cline/src/swarm/swarm-types").TaskType'.
      Type '"data-analysis"' is not assignable to type 'TaskType'.
src/swarm/optimizations/__tests__/optimization.test.ts(318,50): error TS2345: Argument of type 'import("C:/Users/alelowe/Documents/GitHub/cline/src/swarm/types").TaskDefinition' is not assignable to parameter of type 'import("C:/Users/alelowe/Documents/GitHub/cline/src/swarm/swarm-types").TaskDefinition'.
  Types of property 'type' are incompatible.
    Type 'import("C:/Users/alelowe/Documents/GitHub/cline/src/swarm/types").TaskType' is not assignable to type 'import("C:/Users/alelowe/Documents/GitHub/cline/src/swarm/swarm-types").TaskType'.
      Type '"data-analysis"' is not assignable to type 'TaskType'.
src/swarm/optimizations/__tests__/optimization.test.ts(330,9): error TS2322: Type 'string' is not assignable to type 'TaskId'.
src/swarm/optimizations/__tests__/optimization.test.ts(334,9): error TS2322: Type '"pending"' is not assignable to type 'TaskStatus'.
src/swarm/optimizations/__tests__/optimization.test.ts(345,11): error TS2353: Object literal may only specify known properties, and 'timeout' does not exist in type 'TaskConstraints'.
src/swarm/optimizations/__tests__/optimization.test.ts(351,9): error TS2322: Type 'undefined' is not assignable to type 'Record<string, any>'.
src/swarm/optimizations/__tests__/optimization.test.ts(358,9): error TS2322: Type '"executor"' is not assignable to type 'AgentType'.
src/swarm/optimizations/__tests__/optimization.test.ts(365,34): error TS2345: Argument of type 'import("C:/Users/alelowe/Documents/GitHub/cline/src/swarm/types").TaskDefinition' is not assignable to parameter of type 'import("C:/Users/alelowe/Documents/GitHub/cline/src/swarm/swarm-types").TaskDefinition'.
  Types of property 'type' are incompatible.
    Type 'import("C:/Users/alelowe/Documents/GitHub/cline/src/swarm/types").TaskType' is not assignable to type 'import("C:/Users/alelowe/Documents/GitHub/cline/src/swarm/swarm-types").TaskType'.
      Type '"data-analysis"' is not assignable to type 'TaskType'.
src/swarm/optimizations/async-file-manager.ts(54,5): error TS2322: Type 'void | { path: string; operation: "write"; success: true; duration: number; size: number; error?: undefined; } | { path: string; operation: "write"; success: false; duration: number; error: Error; size?: undefined; }' is not assignable to type 'FileOperationResult'.
  Type 'void' is not assignable to type 'FileOperationResult'.
src/swarm/optimizations/async-file-manager.ts(97,5): error TS2322: Type 'void | { path: string; operation: "read"; success: true; duration: number; size: number; data: string; error?: undefined; } | { path: string; operation: "read"; success: false; duration: number; error: Error; size?: undefined; data?: undefined; }' is not assignable to type 'FileOperationResult & { data?: string | undefined; }'.
  Type 'void' is not assignable to type 'FileOperationResult & { data?: string | undefined; }'.
    Type 'void' is not assignable to type 'FileOperationResult'.
src/swarm/optimizations/async-file-manager.ts(156,5): error TS2322: Type 'void | { path: string; operation: "delete"; success: true; duration: number; error?: undefined; } | { path: string; operation: "delete"; success: false; duration: number; error: Error; }' is not assignable to type 'FileOperationResult'.
  Type 'void' is not assignable to type 'FileOperationResult'.
src/swarm/optimizations/async-file-manager.ts(227,5): error TS2322: Type 'void | { path: string; operation: "write"; success: true; duration: number; size: number; error?: undefined; } | { path: string; operation: "write"; success: false; duration: number; error: Error; size?: undefined; }' is not assignable to type 'FileOperationResult'.
  Type 'void' is not assignable to type 'FileOperationResult'.
src/swarm/prompt-cli.ts(5,10): error TS2305: Module '"./prompt-copier-enhanced.js"' has no exported member 'copyPrompts'.
src/swarm/prompt-cli.ts(78,19): error TS2339: Property 'progressCallback' does not exist on type '{ backup: boolean; verify: boolean; parallel: boolean; maxWorkers: number; conflictResolution: "merge" | "overwrite" | "skip" | "backup"; includePatterns: string[]; excludePatterns: string[]; source: any; destination: any; } | { ...; }'.
  Property 'progressCallback' does not exist on type '{ backup: boolean; verify: boolean; parallel: boolean; maxWorkers: number; conflictResolution: "merge" | "overwrite" | "skip" | "backup"; includePatterns: string[]; excludePatterns: string[]; source: any; destination: any; }'.
src/swarm/prompt-cli.ts(78,39): error TS7006: Parameter 'progress' implicitly has an 'any' type.
src/swarm/prompt-cli.ts(111,32): error TS7006: Parameter 'error' implicitly has an 'any' type.
src/swarm/prompt-copier-enhanced.ts(17,14): error TS2415: Class 'EnhancedPromptCopier' incorrectly extends base class 'PromptCopier'.
  Property 'copyFilesParallel' is private in type 'PromptCopier' but not in type 'EnhancedPromptCopier'.
src/swarm/prompt-copier-enhanced.ts(25,16): error TS4114: This member must have an 'override' modifier because it overrides a member in the base class 'PromptCopier'.
src/swarm/prompt-manager.ts(123,11): error TS2663: Cannot find name 'copyPrompts'. Did you mean the instance member 'this.copyPrompts'?
src/swarm/prompt-manager.ts(152,30): error TS2663: Cannot find name 'copyPrompts'. Did you mean the instance member 'this.copyPrompts'?
src/swarm/prompt-manager.ts(300,12): error TS2663: Cannot find name 'copyPrompts'. Did you mean the instance member 'this.copyPrompts'?
src/swarm/sparc-executor.ts(634,12): error TS7053: Element implicitly has an 'any' type because expression of type 'string' can't be used to index type '{ python: string; javascript: string; typescript: string; java: string; }'.
  No index signature with a parameter of type 'string' was found on type '{ python: string; javascript: string; typescript: string; java: string; }'.
src/swarm/sparc-executor.ts(650,7): error TS7053: Element implicitly has an 'any' type because expression of type '`${string}-${string}`' can't be used to index type '{ 'python-rest-api': { directories: string[]; files: string[]; }; 'javascript-rest-api': { directories: string[]; files: string[]; }; }'.
